2026-07-08T03:25:39.024Z [INFO] PostgreSQL pool created
2026-07-08T03:25:40.603Z [INFO] PostgreSQL schema ready
2026-07-08T03:25:40.604Z [INFO] No REDIS_URL — in-memory cache
2026-07-08T03:25:40.605Z [INFO] Fundamentals refresh: scan starting…
2026-07-08T03:25:40.605Z [INFO] Screener: scanning 274 stocks…
2026-07-08T03:25:45.042Z [INFO] Yahoo financials SDK failed for LTIM.NS — trying raw quoteSummary
2026-07-08T03:25:45.152Z [INFO] Yahoo quote blocked for LTIM.NS — using chart API
2026-07-08T03:25:45.157Z [INFO] NSE quote: LTIM
2026-07-08T03:25:45.261Z [WARN] Chart API failed for LTIM.NS: Chart API HTTP 404
2026-07-08T03:25:45.287Z [INFO] Chart API failed for LTIM.NS — trying NSE India
2026-07-08T03:25:45.288Z [INFO] Trying Alpha Vantage for LTIM.NS
2026-07-08T03:25:45.288Z [INFO] Alpha Vantage quote: LTIM.BSE
2026-07-08T03:25:45.479Z [WARN] Raw quoteSummary failed for LTIM.NS: quoteSummary HTTP 404
2026-07-08T03:25:45.526Z [INFO] Raw quoteSummary empty for LTIM.NS — using API fallbacks
2026-07-08T03:25:45.527Z [INFO] NSE financials: LTIM
2026-07-08T03:25:45.561Z [WARN] NSE financials failed for LTIM.NS: NSE HTTP 403
2026-07-08T03:25:45.562Z [INFO] Alpha Vantage financials: LTIM.BSE
2026-07-08T03:25:45.568Z [WARN] All quote sources failed for LTIM.NS
2026-07-08T03:25:45.827Z [WARN] AV financials failed for LTIM.NS: Alpha Vantage rate limit reached
2026-07-08T03:25:45.828Z [INFO] Finnhub financials: NSE:LTIM
2026-07-08T03:25:56.084Z [INFO] Yahoo financials SDK failed for ZOMATO.NS — trying raw quoteSummary
2026-07-08T03:25:56.166Z [INFO] Yahoo quote blocked for ZOMATO.NS — using chart API
2026-07-08T03:25:56.167Z [INFO] NSE quote: ZOMATO
2026-07-08T03:25:56.276Z [WARN] Raw quoteSummary failed for ZOMATO.NS: quoteSummary HTTP 404
2026-07-08T03:25:56.299Z [WARN] Chart API failed for ZOMATO.NS: Chart API HTTP 404
2026-07-08T03:25:56.300Z [INFO] Chart API failed for ZOMATO.NS — trying NSE India
2026-07-08T03:25:56.300Z [INFO] Trying Alpha Vantage for ZOMATO.NS
2026-07-08T03:25:56.300Z [INFO] Alpha Vantage quote: ZOMATO.BSE
2026-07-08T03:25:56.329Z [INFO] Raw quoteSummary empty for ZOMATO.NS — using API fallbacks
2026-07-08T03:25:56.331Z [INFO] NSE financials: ZOMATO
2026-07-08T03:25:56.369Z [WARN] NSE financials failed for ZOMATO.NS: NSE HTTP 403
2026-07-08T03:25:56.369Z [INFO] Alpha Vantage financials: ZOMATO.BSE
2026-07-08T03:25:57.834Z [WARN] AV financials failed for ZOMATO.NS: Alpha Vantage rate limit reached
2026-07-08T03:25:57.854Z [INFO] Finnhub financials: NSE:ZOMATO
2026-07-08T03:25:57.862Z [WARN] All quote sources failed for ZOMATO.NS
2026-07-08T03:26:19.594Z [WARN] Upstox quote failed for M&MFIN.NS: Upstox quote HTTP 400
